<?xml version="1.0" encoding="UTF-8"?>
<testng-results skipped="0" failed="1" total="1" passed="0">
  <reporter-output>
  </reporter-output>
  <suite name="Default suite" duration-ms="21" started-at="2016-09-18T05:27:11Z" finished-at="2016-09-18T05:27:11Z">
    <groups>
    </groups>
    <test name="Default test" duration-ms="21" started-at="2016-09-18T05:27:11Z" finished-at="2016-09-18T05:27:11Z">
      <class name="com.atuldwivedi.testng.beginner.helloworld.PopulateBorrowerTestClass3">
        <test-method status="FAIL" signature="PopulateBorrower(boolean)[pri:0, instance:com.atuldwivedi.testng.beginner.helloworld.PopulateBorrowerTestClass3@6956de9]" name="PopulateBorrower" duration-ms="5" started-at="2016-09-18T10:57:11Z" data-provider="test1" finished-at="2016-09-18T10:57:11Z">
          <exception class="org.testng.TestNGException">
            <message>
              <![CDATA[
The data provider is trying to pass 2 parameters but the method com.atuldwivedi.testng.beginner.helloworld.PopulateBorrowerTestClass3#PopulateBorrower takes 1]]>
            </message>
            <full-stacktrace>
              <![CDATA[org.testng.TestNGException: 
The data provider is trying to pass 2 parameters but the method com.atuldwivedi.testng.beginner.helloworld.PopulateBorrowerTestClass3#PopulateBorrower takes 1
	at org.testng.internal.Invoker.injectParameters(Invoker.java:1337)
	at org.testng.internal.Invoker.invokeTestMethods(Invoker.java:1225)
	at org.testng.internal.TestMethodWorker.invokeTestMethods(TestMethodWorker.java:127)
	at org.testng.internal.TestMethodWorker.run(TestMethodWorker.java:111)
	at org.testng.TestRunner.privateRun(TestRunner.java:767)
	at org.testng.TestRunner.run(TestRunner.java:617)
	at org.testng.SuiteRunner.runTest(SuiteRunner.java:334)
	at org.testng.SuiteRunner.runSequentially(SuiteRunner.java:329)
	at org.testng.SuiteRunner.privateRun(SuiteRunner.java:291)
	at org.testng.SuiteRunner.run(SuiteRunner.java:240)
	at org.testng.SuiteRunnerWorker.runSuite(SuiteRunnerWorker.java:52)
	at org.testng.SuiteRunnerWorker.run(SuiteRunnerWorker.java:86)
	at org.testng.TestNG.runSuitesSequentially(TestNG.java:1224)
	at org.testng.TestNG.runSuitesLocally(TestNG.java:1149)
	at org.testng.TestNG.run(TestNG.java:1057)
	at org.testng.remote.RemoteTestNG.run(RemoteTestNG.java:111)
	at org.testng.remote.RemoteTestNG.initAndRun(RemoteTestNG.java:204)
	at org.testng.remote.RemoteTestNG.main(RemoteTestNG.java:175)
]]>
            </full-stacktrace>
          </exception> <!-- org.testng.TestNGException -->
          <reporter-output>
          </reporter-output>
        </test-method> <!-- PopulateBorrower -->
      </class> <!-- com.atuldwivedi.testng.beginner.helloworld.PopulateBorrowerTestClass3 -->
    </test> <!-- Default test -->
  </suite> <!-- Default suite -->
</testng-results>
