<?xml version="1.0" encoding="UTF-8"?>
<!-- Generated by org.testng.reporters.JUnitXMLReporter -->
<testsuite hostname="BLRLW3674" name="Regression1" tests="4" failures="0" timestamp="8 Sep 2016 16:43:54 GMT" time="0.031" errors="0">
  <testcase name="testAcceptance" time="0.0" classname="com.atuldwivedi.testng.beginner.group.MetaGroupsTest"/>
  <testcase name="testEndToEndOnLinux" time="0.0" classname="com.atuldwivedi.testng.beginner.group.MetaGroupsTest"/>
  <testcase name="testEndToEndOnWindows" time="0.015" classname="com.atuldwivedi.testng.beginner.group.MetaGroupsTest"/>
  <testcase name="testRegression" time="0.0" classname="com.atuldwivedi.testng.beginner.group.MetaGroupsTest"/>
</testsuite> <!-- Regression1 -->
